<?xml version="1.0" encoding="UTF-8"?>
<!-- Generated by org.testng.reporters.JUnitXMLReporter -->
<testsuite ignored="0" hostname="DIL-IND-QA08" failures="0" tests="1" name="Test" time="0.028" errors="0" timestamp="2022-08-27T15:12:48 IST">
  <testcase classname="com.vitamojo.Testcases.HomePage" name="@BeforeTest setUpTest" time="-1.661593368372E9">
    <failure type="org.testng.TestNGException" message="
Parameter &amp;apos;browser&amp;apos; is required by BeforeTest on method setUpTest but has not been marked @Optional or defined
in C:\Users\siddharthj\git\POC\Avnio\testng2.xml">
      <![CDATA[org.testng.TestNGException: 
Parameter 'browser' is required by BeforeTest on method setUpTest but has not been marked @Optional or defined
in C:\Users\siddharthj\git\POC\Avnio\testng2.xml
at java.base/java.util.concurrent.FutureTask.run(FutureTask.java:264)
at java.base/java.util.concurrent.ThreadPoolExecutor.runWorker(ThreadPoolExecutor.java:1130)
at java.base/java.util.concurrent.ThreadPoolExecutor$Worker.run(ThreadPoolExecutor.java:630)
at java.base/java.lang.Thread.run(Thread.java:832)
... Removed 12 stack frames]]>
    </failure>
  </testcase> <!-- @BeforeTest setUpTest -->
  <testcase classname="com.vitamojo.Testcases.HomePage" name="@AfterTest tearDownTest" time="-1.661593368397E9">
    <skipped/>
  </testcase> <!-- @AfterTest tearDownTest -->
  <testcase classname="com.vitamojo.Testcases.HomePage" name="test1" time="0.0">
    <skipped/>
  </testcase> <!-- test1 -->
</testsuite> <!-- Test -->
